0 info it worked if it ends with ok
1 verbose cli [ '/Users/nellobrunelli/.nvm/versions/io.js/v2.3.4/bin/iojs',
1 verbose cli   '/Users/nellobrunelli/.nvm/versions/io.js/v2.3.4/bin/npm',
1 verbose cli   'start' ]
2 info using npm@2.12.1
3 info using node@v2.3.4
4 verbose stack Error: missing script: start
4 verbose stack     at run (/Users/nellobrunelli/.nvm/versions/io.js/v2.3.4/lib/node_modules/npm/lib/run-script.js:142:19)
4 verbose stack     at /Users/nellobrunelli/.nvm/versions/io.js/v2.3.4/lib/node_modules/npm/lib/run-script.js:58:5
4 verbose stack     at /Users/nellobrunelli/.nvm/versions/io.js/v2.3.4/lib/node_modules/npm/node_modules/read-package-json/read-json.js:345:5
4 verbose stack     at checkBinReferences_ (/Users/nellobrunelli/.nvm/versions/io.js/v2.3.4/lib/node_modules/npm/node_modules/read-package-json/read-json.js:309:45)
4 verbose stack     at final (/Users/nellobrunelli/.nvm/versions/io.js/v2.3.4/lib/node_modules/npm/node_modules/read-package-json/read-json.js:343:3)
4 verbose stack     at then (/Users/nellobrunelli/.nvm/versions/io.js/v2.3.4/lib/node_modules/npm/node_modules/read-package-json/read-json.js:113:5)
4 verbose stack     at ReadFileContext.callback (/Users/nellobrunelli/.nvm/versions/io.js/v2.3.4/lib/node_modules/npm/node_modules/read-package-json/read-json.js:284:20)
4 verbose stack     at FSReqWrap.readFileAfterOpen [as oncomplete] (evalmachine.<anonymous>:303:13)
5 verbose cwd /Users/nellobrunelli/Documents/elastic-search
6 error Darwin 14.4.0
7 error argv "/Users/nellobrunelli/.nvm/versions/io.js/v2.3.4/bin/iojs" "/Users/nellobrunelli/.nvm/versions/io.js/v2.3.4/bin/npm" "start"
8 error node v2.3.4
9 error npm  v2.12.1
10 error missing script: start
11 error If you need help, you may report this error at:
11 error     <https://github.com/npm/npm/issues>
12 verbose exit [ 1, true ]
